PayPal\Core\PPHttpConnection: Connecting to https://api.sandbox.paypal.com/v1/oauth2/token
PayPal\Core\PPHttpConnection: Payload grant_type=client_credentials
PayPal\Core\PPHttpConnection: Adding header User-Agent: PayPalSDK/rest-sdk-php 0.6.0 (lang=PHP;v=5.5.10;bit=64;os=Darwin_13.1.0;machine=x86_64;openssl=0.9.8r;curl=7.28.1)
PayPal\Core\PPHttpConnection: Adding header Authorization: Basic QVFLMk9SQW9jNm9jZDd2N2ZsLWlKQjVPM0hxX3hOY0NNZjExWVptTTZWRlJvcGR4VkdyWENvcWlxT1duOkVDaW41UkQ1NUI3WngtM1J2eUEzSFpKWWp5YS1uZFkwalFwNnFtTkhGc3MtNjhTYkw3N2FrV2NkX18tUw==
PayPal\Core\PPHttpConnection: Adding header Accept: */*
PayPal\Core\PPHttpConnection: Connecting to https://api.sandbox.paypal.com/v1/payments/payment
PayPal\Core\PPHttpConnection: Payload {"intent":"sale","payer":{"payment_method":"paypal"},"redirect_urls":{"return_url":"http:\/\/localhost:8888\/Killersites\/success.php","cancel_url":"http:\/\/localhost:8888\/Killersites\/cart.php"},"transactions":[{"amount":{"currency":"USD","total":"366.24","details":{"shipping":"40.00","tax":"26.25","subtotal":299.99}},"item_list":{"items":[{"name":"Computer Monitor","currency":"USD","quantity":1,"price":"299.99"}]},"description":""}]}
PayPal\Core\PPHttpConnection: Adding header Content-Type: application/json
PayPal\Core\PPHttpConnection: Adding header User-Agent: PayPalSDK/rest-sdk-php 0.6.0 (lang=PHP;v=5.5.10;bit=64;os=Darwin_13.1.0;machine=x86_64;openssl=0.9.8r;curl=7.28.1)
PayPal\Core\PPHttpConnection: Adding header Authorization: Bearer A0157ZvQLSnMxosOG5Vt8aHXWL.5r8YuuJ-z5z5M9ccHFus
PayPal\Core\PPHttpConnection: Adding header PayPal-Request-Id: 54855140114890519592
PayPal\Transport\PPRestCall: {"id":"PAY-6MU82606DT690430JKOB5L3A","create_time":"2014-05-27T00:01:48Z","update_time":"2014-05-27T00:01:48Z","state":"created","intent":"sale","payer":{"payment_method":"paypal","payer_info":{"shipping_address":{}}},"transactions":[{"amount":{"total":"366.24","currency":"USD","details":{"subtotal":"299.99","tax":"26.25","shipping":"40.00"}},"item_list":{"items":[{"name":"Computer Monitor","price":"299.99","currency":"USD","quantity":"1"}]}}],"links":[{"href":"https://api.sandbox.paypal.com/v1/payments/payment/PAY-6MU82606DT690430JKOB5L3A","rel":"self","method":"GET"},{"href":"https://www.sandbox.paypal.com/cgi-bin/webscr?cmd=_express-checkout&token=EC-0A757079CW7514138","rel":"approval_url","method":"REDIRECT"},{"href":"https://api.sandbox.paypal.com/v1/payments/payment/PAY-6MU82606DT690430JKOB5L3A/execute","rel":"execute","method":"POST"}]}
PayPal\Core\PPHttpConnection: Connecting to https://api.sandbox.paypal.com/v1/oauth2/token
PayPal\Core\PPHttpConnection: Payload grant_type=client_credentials
PayPal\Core\PPHttpConnection: Adding header User-Agent: PayPalSDK/rest-sdk-php 0.6.0 (lang=PHP;v=5.5.10;bit=64;os=Darwin_13.1.0;machine=x86_64;openssl=0.9.8r;curl=7.28.1)
PayPal\Core\PPHttpConnection: Adding header Authorization: Basic QVFLMk9SQW9jNm9jZDd2N2ZsLWlKQjVPM0hxX3hOY0NNZjExWVptTTZWRlJvcGR4VkdyWENvcWlxT1duOkVDaW41UkQ1NUI3WngtM1J2eUEzSFpKWWp5YS1uZFkwalFwNnFtTkhGc3MtNjhTYkw3N2FrV2NkX18tUw==
PayPal\Core\PPHttpConnection: Adding header Accept: */*
PayPal\Core\PPHttpConnection: Connecting to https://api.sandbox.paypal.com/v1/payments/payment
PayPal\Core\PPHttpConnection: Payload {"intent":"sale","payer":{"payment_method":"paypal"},"redirect_urls":{"return_url":"http:\/\/localhost:8888\/Killersites\/success.php","cancel_url":"http:\/\/localhost:8888\/Killersites\/cart.php"},"transactions":[{"amount":{"currency":"USD","total":"366.24","details":{"shipping":"40.00","tax":"26.25","subtotal":299.99}},"item_list":{"items":[{"name":"Computer Monitor","currency":"USD","quantity":1,"price":"299.99"}]},"description":""}]}
PayPal\Core\PPHttpConnection: Adding header Content-Type: application/json
PayPal\Core\PPHttpConnection: Adding header User-Agent: PayPalSDK/rest-sdk-php 0.6.0 (lang=PHP;v=5.5.10;bit=64;os=Darwin_13.1.0;machine=x86_64;openssl=0.9.8r;curl=7.28.1)
PayPal\Core\PPHttpConnection: Adding header Authorization: Bearer A015i9JDl6xb5Rt3F8qeCj0PbbuUSzdi4pW1sFSrIPOWna8
PayPal\Core\PPHttpConnection: Adding header PayPal-Request-Id: 2536214011498011425
PayPal\Transport\PPRestCall: {"id":"PAY-5MJ583166H793444VKOB5S2Y","create_time":"2014-05-27T00:16:43Z","update_time":"2014-05-27T00:16:43Z","state":"created","intent":"sale","payer":{"payment_method":"paypal","payer_info":{"shipping_address":{}}},"transactions":[{"amount":{"total":"366.24","currency":"USD","details":{"subtotal":"299.99","tax":"26.25","shipping":"40.00"}},"item_list":{"items":[{"name":"Computer Monitor","price":"299.99","currency":"USD","quantity":"1"}]}}],"links":[{"href":"https://api.sandbox.paypal.com/v1/payments/payment/PAY-5MJ583166H793444VKOB5S2Y","rel":"self","method":"GET"},{"href":"https://www.sandbox.paypal.com/cgi-bin/webscr?cmd=_express-checkout&token=EC-0N923441TN7220220","rel":"approval_url","method":"REDIRECT"},{"href":"https://api.sandbox.paypal.com/v1/payments/payment/PAY-5MJ583166H793444VKOB5S2Y/execute","rel":"execute","method":"POST"}]}
PayPal\Core\PPHttpConnection: Connecting to https://api.sandbox.paypal.com/v1/oauth2/token
PayPal\Core\PPHttpConnection: Payload grant_type=client_credentials
PayPal\Core\PPHttpConnection: Adding header User-Agent: PayPalSDK/rest-sdk-php 0.6.0 (lang=PHP;v=5.5.10;bit=64;os=Darwin_13.1.0;machine=x86_64;openssl=0.9.8r;curl=7.28.1)
PayPal\Core\PPHttpConnection: Adding header Authorization: Basic QVFLMk9SQW9jNm9jZDd2N2ZsLWlKQjVPM0hxX3hOY0NNZjExWVptTTZWRlJvcGR4VkdyWENvcWlxT1duOkVDaW41UkQ1NUI3WngtM1J2eUEzSFpKWWp5YS1uZFkwalFwNnFtTkhGc3MtNjhTYkw3N2FrV2NkX18tUw==
PayPal\Core\PPHttpConnection: Adding header Accept: */*
PayPal\Core\PPHttpConnection: Connecting to https://api.sandbox.paypal.com/v1/payments/payment
PayPal\Core\PPHttpConnection: Payload {"intent":"sale","payer":{"payment_method":"paypal"},"redirect_urls":{"return_url":"http:\/\/localhost:8888\/Killersites\/success.php","cancel_url":"http:\/\/localhost:8888\/Killersites\/cart.php"},"transactions":[{"amount":{"currency":"USD","total":"366.24","details":{"shipping":"40.00","tax":"26.25","subtotal":299.99}},"item_list":{"items":[{"name":"Computer Monitor","currency":"USD","quantity":1,"price":"299.99"}]},"description":""}]}
PayPal\Core\PPHttpConnection: Adding header Content-Type: application/json
PayPal\Core\PPHttpConnection: Adding header User-Agent: PayPalSDK/rest-sdk-php 0.6.0 (lang=PHP;v=5.5.10;bit=64;os=Darwin_13.1.0;machine=x86_64;openssl=0.9.8r;curl=7.28.1)
PayPal\Core\PPHttpConnection: Adding header Authorization: Bearer A0153vxEJAwi1LICdbXwDqNBAsFHCwO-.FLZ-m7B-Ihbjm0
PayPal\Core\PPHttpConnection: Adding header PayPal-Request-Id: 25362140114980843294
PayPal\Transport\PPRestCall: {"id":"PAY-00C79962AW463094LKOB5S4I","create_time":"2014-05-27T00:16:49Z","update_time":"2014-05-27T00:16:49Z","state":"created","intent":"sale","payer":{"payment_method":"paypal","payer_info":{"shipping_address":{}}},"transactions":[{"amount":{"total":"366.24","currency":"USD","details":{"subtotal":"299.99","tax":"26.25","shipping":"40.00"}},"item_list":{"items":[{"name":"Computer Monitor","price":"299.99","currency":"USD","quantity":"1"}]}}],"links":[{"href":"https://api.sandbox.paypal.com/v1/payments/payment/PAY-00C79962AW463094LKOB5S4I","rel":"self","method":"GET"},{"href":"https://www.sandbox.paypal.com/cgi-bin/webscr?cmd=_express-checkout&token=EC-84E336206R464424L","rel":"approval_url","method":"REDIRECT"},{"href":"https://api.sandbox.paypal.com/v1/payments/payment/PAY-00C79962AW463094LKOB5S4I/execute","rel":"execute","method":"POST"}]}
PayPal\Core\PPHttpConnection: Connecting to https://api.sandbox.paypal.com/v1/oauth2/token
PayPal\Core\PPHttpConnection: Payload grant_type=client_credentials
PayPal\Core\PPHttpConnection: Adding header User-Agent: PayPalSDK/rest-sdk-php 0.6.0 (lang=PHP;v=5.5.10;bit=64;os=Darwin_13.1.0;machine=x86_64;openssl=0.9.8r;curl=7.28.1)
PayPal\Core\PPHttpConnection: Adding header Authorization: Basic QVFLMk9SQW9jNm9jZDd2N2ZsLWlKQjVPM0hxX3hOY0NNZjExWVptTTZWRlJvcGR4VkdyWENvcWlxT1duOkVDaW41UkQ1NUI3WngtM1J2eUEzSFpKWWp5YS1uZFkwalFwNnFtTkhGc3MtNjhTYkw3N2FrV2NkX18tUw==
PayPal\Core\PPHttpConnection: Adding header Accept: */*
PayPal\Core\PPHttpConnection: Connecting to https://api.sandbox.paypal.com/v1/payments/payment
PayPal\Core\PPHttpConnection: Payload {"intent":"sale","payer":{"payment_method":"paypal"},"redirect_urls":{"return_url":"http:\/\/localhost:8888\/Killersites\/success.php","cancel_url":"http:\/\/localhost:8888\/Killersites\/cart.php"},"transactions":[{"amount":{"currency":"USD","total":"366.24","details":{"shipping":"40.00","tax":"26.25","subtotal":299.99}},"item_list":{"items":[{"name":"Computer Monitor","currency":"USD","quantity":1,"price":"299.99"}]},"description":""}]}
PayPal\Core\PPHttpConnection: Adding header Content-Type: application/json
PayPal\Core\PPHttpConnection: Adding header User-Agent: PayPalSDK/rest-sdk-php 0.6.0 (lang=PHP;v=5.5.10;bit=64;os=Darwin_13.1.0;machine=x86_64;openssl=0.9.8r;curl=7.28.1)
PayPal\Core\PPHttpConnection: Adding header Authorization: Bearer A015LBbt2wMsDmz9219eC8DTOWGLbQGX7f9xK6ELJodfh88
PayPal\Core\PPHttpConnection: Adding header PayPal-Request-Id: 25359140114984318171
PayPal\Transport\PPRestCall: {"id":"PAY-6GC31947S24378425KOB5TFI","create_time":"2014-05-27T00:17:25Z","update_time":"2014-05-27T00:17:25Z","state":"created","intent":"sale","payer":{"payment_method":"paypal","payer_info":{"shipping_address":{}}},"transactions":[{"amount":{"total":"366.24","currency":"USD","details":{"subtotal":"299.99","tax":"26.25","shipping":"40.00"}},"item_list":{"items":[{"name":"Computer Monitor","price":"299.99","currency":"USD","quantity":"1"}]}}],"links":[{"href":"https://api.sandbox.paypal.com/v1/payments/payment/PAY-6GC31947S24378425KOB5TFI","rel":"self","method":"GET"},{"href":"https://www.sandbox.paypal.com/cgi-bin/webscr?cmd=_express-checkout&token=EC-7H2775120A104792U","rel":"approval_url","method":"REDIRECT"},{"href":"https://api.sandbox.paypal.com/v1/payments/payment/PAY-6GC31947S24378425KOB5TFI/execute","rel":"execute","method":"POST"}]}
PayPal\Core\PPHttpConnection: Connecting to https://api.sandbox.paypal.com/v1/oauth2/token
PayPal\Core\PPHttpConnection: Payload grant_type=client_credentials
PayPal\Core\PPHttpConnection: Adding header User-Agent: PayPalSDK/rest-sdk-php 0.6.0 (lang=PHP;v=5.5.10;bit=64;os=Darwin_13.1.0;machine=x86_64;openssl=0.9.8r;curl=7.28.1)
PayPal\Core\PPHttpConnection: Adding header Authorization: Basic QVFLMk9SQW9jNm9jZDd2N2ZsLWlKQjVPM0hxX3hOY0NNZjExWVptTTZWRlJvcGR4VkdyWENvcWlxT1duOkVDaW41UkQ1NUI3WngtM1J2eUEzSFpKWWp5YS1uZFkwalFwNnFtTkhGc3MtNjhTYkw3N2FrV2NkX18tUw==
PayPal\Core\PPHttpConnection: Adding header Accept: */*
PayPal\Core\PPHttpConnection: Connecting to https://api.sandbox.paypal.com/v1/payments/payment/PAY-6GC31947S24378425KOB5TFI
PayPal\Core\PPHttpConnection: Payload 
PayPal\Core\PPHttpConnection: Adding header Content-Type: application/json
PayPal\Core\PPHttpConnection: Adding header User-Agent: PayPalSDK/rest-sdk-php 0.6.0 (lang=PHP;v=5.5.10;bit=64;os=Darwin_13.1.0;machine=x86_64;openssl=0.9.8r;curl=7.28.1)
PayPal\Core\PPHttpConnection: Adding header Authorization: Bearer A015pqrFkQodgAjTB1aalklBWVTwpwpW1Ddhjmit41awkVk
PayPal\Transport\PPRestCall: {"id":"PAY-6GC31947S24378425KOB5TFI","create_time":"2014-05-27T00:17:25Z","update_time":"2014-05-27T00:17:25Z","state":"created","intent":"sale","payer":{"payment_method":"paypal","payer_info":{"email":"personal2@killersites.com","first_name":"Ben","last_name":"Tester","payer_id":"U7W93228EHWNW","shipping_address":{"line1":"1 Main St","city":"San Jose","state":"CA","postal_code":"95131","country_code":"US","recipientName":"Ben Tester"}}},"transactions":[{"amount":{"total":"366.24","currency":"USD","details":{"subtotal":"299.99","tax":"26.25","shipping":"40.00"}},"item_list":{"items":[{"name":"Computer Monitor","price":"299.99","currency":"USD","quantity":"1"}]}}],"links":[{"href":"https://api.sandbox.paypal.com/v1/payments/payment/PAY-6GC31947S24378425KOB5TFI","rel":"self","method":"GET"},{"href":"https://www.sandbox.paypal.com/cgi-bin/webscr?cmd=_express-checkout&token=EC-7H2775120A104792U","rel":"approval_url","method":"REDIRECT"},{"href":"https://api.sandbox.paypal.com/v1/payments/payment/PAY-6GC31947S24378425KOB5TFI/execute","rel":"execute","method":"POST"}]}
PayPal\Core\PPHttpConnection: Connecting to https://api.sandbox.paypal.com/v1/payments/payment/PAY-6GC31947S24378425KOB5TFI/execute
PayPal\Core\PPHttpConnection: Payload {"payer_id":"U7W93228EHWNW"}
PayPal\Core\PPHttpConnection: Adding header Content-Type: application/json
PayPal\Core\PPHttpConnection: Adding header User-Agent: PayPalSDK/rest-sdk-php 0.6.0 (lang=PHP;v=5.5.10;bit=64;os=Darwin_13.1.0;machine=x86_64;openssl=0.9.8r;curl=7.28.1)
PayPal\Core\PPHttpConnection: Adding header Authorization: Bearer A015pqrFkQodgAjTB1aalklBWVTwpwpW1Ddhjmit41awkVk
PayPal\Core\PPHttpConnection: Adding header PayPal-Request-Id: 25406140114987826552
PayPal\Transport\PPRestCall: {"id":"PAY-6GC31947S24378425KOB5TFI","create_time":"2014-05-27T00:17:25Z","update_time":"2014-05-27T00:18:02Z","state":"approved","intent":"sale","payer":{"payment_method":"paypal","payer_info":{"email":"personal2@killersites.com","first_name":"Ben","last_name":"Tester","payer_id":"U7W93228EHWNW","shipping_address":{"line1":"1 Main St","line2":"","city":"San Jose","state":"CA","postal_code":"95131","country_code":"US","recipientName":""}}},"transactions":[{"amount":{"total":"366.24","currency":"USD","details":{"subtotal":"299.99","tax":"26.25","shipping":"40.00"}},"item_list":{"items":[{"name":"Computer Monitor","price":"299.99","currency":"USD","quantity":"1"}],"shipping_address":{"recipient_name":"Ben Tester","line1":"1 Main St","line2":"","city":"San Jose","state":"CA","postal_code":"CA","country_code":"US"}},"related_resources":[{"sale":{"id":"96Y25912KB210652L","create_time":"2014-05-27T00:17:25Z","update_time":"2014-05-27T00:18:02Z","state":"completed","amount":{"total":"366.24","currency":"USD"},"parent_payment":"PAY-6GC31947S24378425KOB5TFI","links":[{"href":"https://api.sandbox.paypal.com/v1/payments/sale/96Y25912KB210652L","rel":"self","method":"GET"},{"href":"https://api.sandbox.paypal.com/v1/payments/sale/96Y25912KB210652L/refund","rel":"refund","method":"POST"},{"href":"https://api.sandbox.paypal.com/v1/payments/payment/PAY-6GC31947S24378425KOB5TFI","rel":"parent_payment","method":"GET"}]}}]}],"links":[{"href":"https://api.sandbox.paypal.com/v1/payments/payment/PAY-6GC31947S24378425KOB5TFI","rel":"self","method":"GET"}]}
PayPal\Core\PPHttpConnection: Connecting to https://api.sandbox.paypal.com/v1/oauth2/token
PayPal\Core\PPHttpConnection: Payload grant_type=client_credentials
PayPal\Core\PPHttpConnection: Adding header User-Agent: PayPalSDK/rest-sdk-php 0.6.0 (lang=PHP;v=5.5.10;bit=64;os=Darwin_13.1.0;machine=x86_64;openssl=0.9.8r;curl=7.28.1)
PayPal\Core\PPHttpConnection: Adding header Authorization: Basic QVFLMk9SQW9jNm9jZDd2N2ZsLWlKQjVPM0hxX3hOY0NNZjExWVptTTZWRlJvcGR4VkdyWENvcWlxT1duOkVDaW41UkQ1NUI3WngtM1J2eUEzSFpKWWp5YS1uZFkwalFwNnFtTkhGc3MtNjhTYkw3N2FrV2NkX18tUw==
PayPal\Core\PPHttpConnection: Adding header Accept: */*
PayPal\Core\PPHttpConnection: Connecting to https://api.sandbox.paypal.com/v1/payments/payment
PayPal\Core\PPHttpConnection: Payload {"intent":"sale","payer":{"payment_method":"paypal"},"redirect_urls":{"return_url":"http:\/\/localhost:8888\/Killersites\/success.php","cancel_url":"http:\/\/localhost:8888\/Killersites\/cart.php"},"transactions":[{"amount":{"currency":"USD","total":"366.24","details":{"shipping":"40.00","tax":"26.25","subtotal":299.99}},"item_list":{"items":[{"name":"Computer Monitor","currency":"USD","quantity":1,"price":"299.99"}]},"description":""}]}
PayPal\Core\PPHttpConnection: Adding header Content-Type: application/json
PayPal\Core\PPHttpConnection: Adding header User-Agent: PayPalSDK/rest-sdk-php 0.6.0 (lang=PHP;v=5.5.10;bit=64;os=Darwin_13.1.0;machine=x86_64;openssl=0.9.8r;curl=7.28.1)
PayPal\Core\PPHttpConnection: Adding header Authorization: Bearer A0156NCNMyd1rUIggCDXSWntXIn8KeKqxbZdM0nIZ-R0nHg
PayPal\Core\PPHttpConnection: Adding header PayPal-Request-Id: 25362140115020042777
PayPal\Transport\PPRestCall: {"id":"PAY-81W08815LY8630447KOB5V6Y","create_time":"2014-05-27T00:23:23Z","update_time":"2014-05-27T00:23:23Z","state":"created","intent":"sale","payer":{"payment_method":"paypal","payer_info":{"shipping_address":{}}},"transactions":[{"amount":{"total":"366.24","currency":"USD","details":{"subtotal":"299.99","tax":"26.25","shipping":"40.00"}},"item_list":{"items":[{"name":"Computer Monitor","price":"299.99","currency":"USD","quantity":"1"}]}}],"links":[{"href":"https://api.sandbox.paypal.com/v1/payments/payment/PAY-81W08815LY8630447KOB5V6Y","rel":"self","method":"GET"},{"href":"https://www.sandbox.paypal.com/cgi-bin/webscr?cmd=_express-checkout&token=EC-6JF985405G026542A","rel":"approval_url","method":"REDIRECT"},{"href":"https://api.sandbox.paypal.com/v1/payments/payment/PAY-81W08815LY8630447KOB5V6Y/execute","rel":"execute","method":"POST"}]}
PayPal\Core\PPHttpConnection: Connecting to https://api.sandbox.paypal.com/v1/oauth2/token
PayPal\Core\PPHttpConnection: Payload grant_type=client_credentials
PayPal\Core\PPHttpConnection: Adding header User-Agent: PayPalSDK/rest-sdk-php 0.6.0 (lang=PHP;v=5.5.10;bit=64;os=Darwin_13.1.0;machine=x86_64;openssl=0.9.8r;curl=7.28.1)
PayPal\Core\PPHttpConnection: Adding header Authorization: Basic QVFLMk9SQW9jNm9jZDd2N2ZsLWlKQjVPM0hxX3hOY0NNZjExWVptTTZWRlJvcGR4VkdyWENvcWlxT1duOkVDaW41UkQ1NUI3WngtM1J2eUEzSFpKWWp5YS1uZFkwalFwNnFtTkhGc3MtNjhTYkw3N2FrV2NkX18tUw==
PayPal\Core\PPHttpConnection: Adding header Accept: */*
PayPal\Core\PPHttpConnection: Connecting to https://api.sandbox.paypal.com/v1/payments/payment
PayPal\Core\PPHttpConnection: Payload {"intent":"sale","payer":{"payment_method":"paypal"},"redirect_urls":{"return_url":"http:\/\/localhost:8888\/Killersites\/success.php","cancel_url":"http:\/\/localhost:8888\/Killersites\/cart.php"},"transactions":[{"amount":{"currency":"USD","total":"366.24","details":{"shipping":"40.00","tax":"26.25","subtotal":299.99}},"item_list":{"items":[{"name":"Computer Monitor","currency":"USD","quantity":1,"price":"299.99"}]},"description":""}]}
PayPal\Core\PPHttpConnection: Adding header Content-Type: application/json
PayPal\Core\PPHttpConnection: Adding header User-Agent: PayPalSDK/rest-sdk-php 0.6.0 (lang=PHP;v=5.5.10;bit=64;os=Darwin_13.1.0;machine=x86_64;openssl=0.9.8r;curl=7.28.1)
PayPal\Core\PPHttpConnection: Adding header Authorization: Bearer A015t8qHF7pbrIzuzF.XEMdrNQfKLeG5EGDHQ4acGUr4v1I
PayPal\Core\PPHttpConnection: Adding header PayPal-Request-Id: 5416014011502155187
PayPal\Transport\PPRestCall: {"id":"PAY-6ES916522L895164KKOB5WCA","create_time":"2014-05-27T00:23:36Z","update_time":"2014-05-27T00:23:36Z","state":"created","intent":"sale","payer":{"payment_method":"paypal","payer_info":{"shipping_address":{}}},"transactions":[{"amount":{"total":"366.24","currency":"USD","details":{"subtotal":"299.99","tax":"26.25","shipping":"40.00"}},"item_list":{"items":[{"name":"Computer Monitor","price":"299.99","currency":"USD","quantity":"1"}]}}],"links":[{"href":"https://api.sandbox.paypal.com/v1/payments/payment/PAY-6ES916522L895164KKOB5WCA","rel":"self","method":"GET"},{"href":"https://www.sandbox.paypal.com/cgi-bin/webscr?cmd=_express-checkout&token=EC-54R996978D420591S","rel":"approval_url","method":"REDIRECT"},{"href":"https://api.sandbox.paypal.com/v1/payments/payment/PAY-6ES916522L895164KKOB5WCA/execute","rel":"execute","method":"POST"}]}
PayPal\Core\PPHttpConnection: Connecting to https://api.sandbox.paypal.com/v1/oauth2/token
PayPal\Core\PPHttpConnection: Payload grant_type=client_credentials
PayPal\Core\PPHttpConnection: Adding header User-Agent: PayPalSDK/rest-sdk-php 0.6.0 (lang=PHP;v=5.5.10;bit=64;os=Darwin_13.1.0;machine=x86_64;openssl=0.9.8r;curl=7.28.1)
PayPal\Core\PPHttpConnection: Adding header Authorization: Basic QVFLMk9SQW9jNm9jZDd2N2ZsLWlKQjVPM0hxX3hOY0NNZjExWVptTTZWRlJvcGR4VkdyWENvcWlxT1duOkVDaW41UkQ1NUI3WngtM1J2eUEzSFpKWWp5YS1uZFkwalFwNnFtTkhGc3MtNjhTYkw3N2FrV2NkX18tUw==
PayPal\Core\PPHttpConnection: Adding header Accept: */*
PayPal\Core\PPHttpConnection: Connecting to https://api.sandbox.paypal.com/v1/payments/payment/PAY-6ES916522L895164KKOB5WCA
PayPal\Core\PPHttpConnection: Payload 
PayPal\Core\PPHttpConnection: Adding header Content-Type: application/json
PayPal\Core\PPHttpConnection: Adding header User-Agent: PayPalSDK/rest-sdk-php 0.6.0 (lang=PHP;v=5.5.10;bit=64;os=Darwin_13.1.0;machine=x86_64;openssl=0.9.8r;curl=7.28.1)
PayPal\Core\PPHttpConnection: Adding header Authorization: Bearer A015LiSzMcGA3yJJNb4o-6uHbAJ4KTNjSCY.0kzgNjsOljc
PayPal\Transport\PPRestCall: {"id":"PAY-6ES916522L895164KKOB5WCA","create_time":"2014-05-27T00:23:36Z","update_time":"2014-05-27T00:23:36Z","state":"created","intent":"sale","payer":{"payment_method":"paypal","payer_info":{"email":"personal2@killersites.com","first_name":"Ben","last_name":"Tester","payer_id":"U7W93228EHWNW","shipping_address":{"line1":"1 Main St","city":"San Jose","state":"CA","postal_code":"95131","country_code":"US","recipientName":"Ben Tester"}}},"transactions":[{"amount":{"total":"366.24","currency":"USD","details":{"subtotal":"299.99","tax":"26.25","shipping":"40.00"}},"item_list":{"items":[{"name":"Computer Monitor","price":"299.99","currency":"USD","quantity":"1"}]}}],"links":[{"href":"https://api.sandbox.paypal.com/v1/payments/payment/PAY-6ES916522L895164KKOB5WCA","rel":"self","method":"GET"},{"href":"https://www.sandbox.paypal.com/cgi-bin/webscr?cmd=_express-checkout&token=EC-54R996978D420591S","rel":"approval_url","method":"REDIRECT"},{"href":"https://api.sandbox.paypal.com/v1/payments/payment/PAY-6ES916522L895164KKOB5WCA/execute","rel":"execute","method":"POST"}]}
PayPal\Core\PPHttpConnection: Connecting to https://api.sandbox.paypal.com/v1/payments/payment/PAY-6ES916522L895164KKOB5WCA/execute
PayPal\Core\PPHttpConnection: Payload {"payer_id":"U7W93228EHWNW"}
PayPal\Core\PPHttpConnection: Adding header Content-Type: application/json
PayPal\Core\PPHttpConnection: Adding header User-Agent: PayPalSDK/rest-sdk-php 0.6.0 (lang=PHP;v=5.5.10;bit=64;os=Darwin_13.1.0;machine=x86_64;openssl=0.9.8r;curl=7.28.1)
PayPal\Core\PPHttpConnection: Adding header Authorization: Bearer A015LiSzMcGA3yJJNb4o-6uHbAJ4KTNjSCY.0kzgNjsOljc
PayPal\Core\PPHttpConnection: Adding header PayPal-Request-Id: 93676140115023823872
PayPal\Transport\PPRestCall: {"id":"PAY-6ES916522L895164KKOB5WCA","create_time":"2014-05-27T00:23:36Z","update_time":"2014-05-27T00:24:01Z","state":"approved","intent":"sale","payer":{"payment_method":"paypal","payer_info":{"email":"personal2@killersites.com","first_name":"Ben","last_name":"Tester","payer_id":"U7W93228EHWNW","shipping_address":{"line1":"1 Main St","line2":"","city":"San Jose","state":"CA","postal_code":"95131","country_code":"US","recipientName":""}}},"transactions":[{"amount":{"total":"366.24","currency":"USD","details":{"subtotal":"299.99","tax":"26.25","shipping":"40.00"}},"item_list":{"items":[{"name":"Computer Monitor","price":"299.99","currency":"USD","quantity":"1"}],"shipping_address":{"recipient_name":"Ben Tester","line1":"1 Main St","line2":"","city":"San Jose","state":"CA","postal_code":"CA","country_code":"US"}},"related_resources":[{"sale":{"id":"3RU70103UY984304H","create_time":"2014-05-27T00:23:36Z","update_time":"2014-05-27T00:24:01Z","state":"completed","amount":{"total":"366.24","currency":"USD"},"parent_payment":"PAY-6ES916522L895164KKOB5WCA","links":[{"href":"https://api.sandbox.paypal.com/v1/payments/sale/3RU70103UY984304H","rel":"self","method":"GET"},{"href":"https://api.sandbox.paypal.com/v1/payments/sale/3RU70103UY984304H/refund","rel":"refund","method":"POST"},{"href":"https://api.sandbox.paypal.com/v1/payments/payment/PAY-6ES916522L895164KKOB5WCA","rel":"parent_payment","method":"GET"}]}}]}],"links":[{"href":"https://api.sandbox.paypal.com/v1/payments/payment/PAY-6ES916522L895164KKOB5WCA","rel":"self","method":"GET"}]}
